-------------------------------------------------------------------------------
Test set: classes.PessoaTest
-------------------------------------------------------------------------------
Tests run: 5, Failures: 1, Errors: 0, Skipped: 0, Time elapsed: 0.052 s <<< FAILURE! - in classes.PessoaTest
validaArraysEquals  Time elapsed: 0.011 s  <<< FAILURE!
org.opentest4j.AssertionFailedError: array contents differ at index [0], expected: <3> but was: <6>
	at classes.PessoaTest.validaArraysEquals(PessoaTest.java:39)

